# JRE version: OpenJDK Runtime Environment Temurin-21.0.10+7 (21.0.10+7) (build 21.0.10+7-LTS)
# Java VM: OpenJDK 64-Bit Server VM Temurin-21.0.10+7 (21.0.10+7-LTS, mixed mode, sharing, tiered, compressed oops, compressed class ptrs, parallel gc, windows-amd64)
GC Precious Log:
 CardTable entry size: 512
 CPUs: 12 total, 12 available
 Memory: 16068M
 Large Page Support: Disabled
 NUMA Support: Disabled
 Compressed Oops: Enabled (32-bit)
 Alignments: Space 512K, Generation 512K, Heap 2M
 Heap Min Capacity: 100M
 Heap Initial Capacity: 100M
 Heap Max Capacity: 2G
 Pre-touch: Disabled
 Parallel Workers: 10
Heap:
 PSYoungGen      total 15872K, used 7111K [0x00000000d5580000, 0x00000000d6b00000, 0x0000000100000000)
  eden space 13824K, 36% used [0x00000000d5580000,0x00000000d5a721b8,0x00000000d6300000)
  from space 2048K, 99% used [0x00000000d6300000,0x00000000d64ffa90,0x00000000d6500000)
  to   space 4096K, 0% used [0x00000000d6700000,0x00000000d6700000,0x00000000d6b00000)
 ParOldGen       total 85504K, used 85253K [0x0000000080000000, 0x0000000085380000, 0x00000000d5580000)
  object space 85504K, 99% used [0x0000000080000000,0x0000000085341510,0x0000000085380000)
 Metaspace       used 67253K, committed 68672K, reserved 1114112K
  class space    used 7037K, committed 7680K, reserved 1048576K
GC Heap History (20 events):
Event: 4046.715 GC heap before
{Heap before GC invocations=79 (full 3):
 PSYoungGen      total 15872K, used 15568K [0x00000000d5580000, 0x00000000d6a80000, 0x0000000100000000)
  eden space 13824K, 100% used [0x00000000d5580000,0x00000000d6300000,0x00000000d6300000)
  from space 2048K, 85% used [0x00000000d6480000,0x00000000d6634290,0x00000000d6680000)
  to   space 3072K, 0% used [0x00000000d6780000,0x00000000d6780000,0x00000000d6a80000)
 ParOldGen       total 72704K, used 72603K [0x0000000080000000, 0x0000000084700000, 0x00000000d5580000)
  object space 72704K, 99% used [0x0000000080000000,0x00000000846e6e28,0x0000000084700000)
 Metaspace       used 67084K, committed 68608K, reserved 1114112K
  class space    used 7029K, committed 7680K, reserved 1048576K
}
Event: 4046.717 GC heap after
{Heap after GC invocations=79 (full 3):
 PSYoungGen      total 15360K, used 1376K [0x00000000d5580000, 0x00000000d6900000, 0x0000000100000000)
  eden space 13824K, 0% used [0x00000000d5580000,0x00000000d5580000,0x00000000d6300000)
  from space 1536K, 89% used [0x00000000d6780000,0x00000000d68d8010,0x00000000d6900000)
  to   space 2048K, 0% used [0x00000000d6500000,0x00000000d6500000,0x00000000d6700000)
 ParOldGen       total 74752K, used 74250K [0x0000000080000000, 0x0000000084900000, 0x00000000d5580000)
  object space 74752K, 99% used [0x0000000080000000,0x00000000848829f8,0x0000000084900000)
 Metaspace       used 67084K, committed 68608K, reserved 1114112K
  class space    used 7029K, committed 7680K, reserved 1048576K
}
Event: 4046.740 GC heap before
{Heap before GC invocations=80 (full 3):
 PSYoungGen      total 15360K, used 15200K [0x00000000d5580000, 0x00000000d6900000, 0x0000000100000000)
  eden space 13824K, 100% used [0x00000000d5580000,0x00000000d6300000,0x00000000d6300000)
  from space 1536K, 89% used [0x00000000d6780000,0x00000000d68d8010,0x00000000d6900000)
  to   space 2048K, 0% used [0x00000000d6500000,0x00000000d6500000,0x00000000d6700000)
 ParOldGen       total 74752K, used 74250K [0x0000000080000000, 0x0000000084900000, 0x00000000d5580000)
  object space 74752K, 99% used [0x0000000080000000,0x00000000848829f8,0x0000000084900000)
 Metaspace       used 67089K, committed 68608K, reserved 1114112K
  class space    used 7030K, committed 7680K, reserved 1048576K
}
Event: 4046.742 GC heap after
{Heap after GC invocations=80 (full 3):
 PSYoungGen      total 15360K, used 1440K [0x00000000d5580000, 0x00000000d6800000, 0x0000000100000000)
  eden space 13824K, 0% used [0x00000000d5580000,0x00000000d5580000,0x00000000d6300000)
  from space 1536K, 93% used [0x00000000d6500000,0x00000000d6668010,0x00000000d6680000)
  to   space 1536K, 0% used [0x00000000d6680000,0x00000000d6680000,0x00000000d6800000)
 ParOldGen       total 75776K, used 75530K [0x0000000080000000, 0x0000000084a00000, 0x00000000d5580000)
  object space 75776K, 99% used [0x0000000080000000,0x00000000849c2a08,0x0000000084a00000)
 Metaspace       used 67089K, committed 68608K, reserved 1114112K
  class space    used 7030K, committed 7680K, reserved 1048576K
}
Event: 4046.759 GC heap before
{Heap before GC invocations=81 (full 3):
 PSYoungGen      total 15360K, used 15264K [0x00000000d5580000, 0x00000000d6800000, 0x0000000100000000)
  eden space 13824K, 100% used [0x00000000d5580000,0x00000000d6300000,0x00000000d6300000)
  from space 1536K, 93% used [0x00000000d6500000,0x00000000d6668010,0x00000000d6680000)
  to   space 1536K, 0% used [0x00000000d6680000,0x00000000d6680000,0x00000000d6800000)
 ParOldGen       total 75776K, used 75530K [0x0000000080000000, 0x0000000084a00000, 0x00000000d5580000)
  object space 75776K, 99% used [0x0000000080000000,0x00000000849c2a08,0x0000000084a00000)
 Metaspace       used 67089K, committed 68608K, reserved 1114112K
  class space    used 7030K, committed 7680K, reserved 1048576K
}
Event: 4046.761 GC heap after
{Heap after GC invocations=81 (full 3):
 PSYoungGen      total 15360K, used 1440K [0x00000000d5580000, 0x00000000d6800000, 0x0000000100000000)
  eden space 13824K, 0% used [0x00000000d5580000,0x00000000d5580000,0x00000000d6300000)
  from space 1536K, 93% used [0x00000000d6680000,0x00000000d67e8010,0x00000000d6800000)
  to   space 1536K, 0% used [0x00000000d6500000,0x00000000d6500000,0x00000000d6680000)
 ParOldGen       total 77312K, used 76870K [0x0000000080000000, 0x0000000084b80000, 0x00000000d5580000)
  object space 77312K, 99% used [0x0000000080000000,0x0000000084b11b40,0x0000000084b80000)
 Metaspace       used 67089K, committed 68608K, reserved 1114112K
  class space    used 7030K, committed 7680K, reserved 1048576K
}
Event: 4046.784 GC heap before
{Heap before GC invocations=82 (full 3):
 PSYoungGen      total 15360K, used 15264K [0x00000000d5580000, 0x00000000d6800000, 0x0000000100000000)
  eden space 13824K, 100% used [0x00000000d5580000,0x00000000d6300000,0x00000000d6300000)
  from space 1536K, 93% used [0x00000000d6680000,0x00000000d67e8010,0x00000000d6800000)
  to   space 1536K, 0% used [0x00000000d6500000,0x00000000d6500000,0x00000000d6680000)
 ParOldGen       total 77312K, used 76870K [0x0000000080000000, 0x0000000084b80000, 0x00000000d5580000)
  object space 77312K, 99% used [0x0000000080000000,0x0000000084b11b40,0x0000000084b80000)
 Metaspace       used 67089K, committed 68608K, reserved 1114112K
  class space    used 7030K, committed 7680K, reserved 1048576K
}
Event: 4046.786 GC heap after
{Heap after GC invocations=82 (full 3):
 PSYoungGen      total 15360K, used 1312K [0x00000000d5580000, 0x00000000d6700000, 0x0000000100000000)
  eden space 13824K, 0% used [0x00000000d5580000,0x00000000d5580000,0x00000000d6300000)
  from space 1536K, 85% used [0x00000000d6500000,0x00000000d6648000,0x00000000d6680000)
  to   space 512K, 0% used [0x00000000d6680000,0x00000000d6680000,0x00000000d6700000)
 ParOldGen       total 78336K, used 78198K [0x0000000080000000, 0x0000000084c80000, 0x00000000d5580000)
  object space 78336K, 99% used [0x0000000080000000,0x0000000084c5db50,0x0000000084c80000)
 Metaspace       used 67089K, committed 68608K, reserved 1114112K
  class space    used 7030K, committed 7680K, reserved 1048576K
}
Event: 4046.804 GC heap before
{Heap before GC invocations=83 (full 3):
 PSYoungGen      total 15360K, used 15136K [0x00000000d5580000, 0x00000000d6700000, 0x0000000100000000)
  eden space 13824K, 100% used [0x00000000d5580000,0x00000000d6300000,0x00000000d6300000)
  from space 1536K, 85% used [0x00000000d6500000,0x00000000d6648000,0x00000000d6680000)
  to   space 512K, 0% used [0x00000000d6680000,0x00000000d6680000,0x00000000d6700000)
 ParOldGen       total 78336K, used 78198K [0x0000000080000000, 0x0000000084c80000, 0x00000000d5580000)
  object space 78336K, 99% used [0x0000000080000000,0x0000000084c5db50,0x0000000084c80000)
 Metaspace       used 67089K, committed 68608K, reserved 1114112K
  class space    used 7030K, committed 7680K, reserved 1048576K
}
Event: 4046.805 GC heap after
{Heap after GC invocations=83 (full 3):
 PSYoungGen      total 14336K, used 512K [0x00000000d5580000, 0x00000000d6800000, 0x0000000100000000)
  eden space 13824K, 0% used [0x00000000d5580000,0x00000000d5580000,0x00000000d6300000)
  from space 512K, 100% used [0x00000000d6680000,0x00000000d6700000,0x00000000d6700000)
  to   space 2560K, 0% used [0x00000000d6300000,0x00000000d6300000,0x00000000d6580000)
 ParOldGen       total 79872K, used 79741K [0x0000000080000000, 0x0000000084e00000, 0x00000000d5580000)
  object space 79872K, 99% used [0x0000000080000000,0x0000000084ddf500,0x0000000084e00000)
 Metaspace       used 67089K, committed 68608K, reserved 1114112K
  class space    used 7030K, committed 7680K, reserved 1048576K
}
Event: 4046.826 GC heap before
{Heap before GC invocations=84 (full 3):
 PSYoungGen      total 14336K, used 14336K [0x00000000d5580000, 0x00000000d6800000, 0x0000000100000000)
  eden space 13824K, 100% used [0x00000000d5580000,0x00000000d6300000,0x00000000d6300000)
  from space 512K, 100% used [0x00000000d6680000,0x00000000d6700000,0x00000000d6700000)
  to   space 2560K, 0% used [0x00000000d6300000,0x00000000d6300000,0x00000000d6580000)
 ParOldGen       total 79872K, used 79741K [0x0000000080000000, 0x0000000084e00000, 0x00000000d5580000)
  object space 79872K, 99% used [0x0000000080000000,0x0000000084ddf500,0x0000000084e00000)
 Metaspace       used 67093K, committed 68608K, reserved 1114112K
  class space    used 7030K, committed 7680K, reserved 1048576K
}
Event: 4046.827 GC heap after
{Heap after GC invocations=84 (full 3):
 PSYoungGen      total 16384K, used 1152K [0x00000000d5580000, 0x00000000d6700000, 0x0000000100000000)
  eden space 13824K, 0% used [0x00000000d5580000,0x00000000d5580000,0x00000000d6300000)
  from space 2560K, 45% used [0x00000000d6300000,0x00000000d6420000,0x00000000d6580000)
  to   space 1536K, 0% used [0x00000000d6580000,0x00000000d6580000,0x00000000d6700000)
 ParOldGen       total 80384K, used 80261K [0x0000000080000000, 0x0000000084e80000, 0x00000000d5580000)
  object space 80384K, 99% used [0x0000000080000000,0x0000000084e61500,0x0000000084e80000)
 Metaspace       used 67093K, committed 68608K, reserved 1114112K
  class space    used 7030K, committed 7680K, reserved 1048576K
}
Event: 4046.848 GC heap before
{Heap before GC invocations=85 (full 3):
 PSYoungGen      total 16384K, used 14976K [0x00000000d5580000, 0x00000000d6700000, 0x0000000100000000)
  eden space 13824K, 100% used [0x00000000d5580000,0x00000000d6300000,0x00000000d6300000)
  from space 2560K, 45% used [0x00000000d6300000,0x00000000d6420000,0x00000000d6580000)
  to   space 1536K, 0% used [0x00000000d6580000,0x00000000d6580000,0x00000000d6700000)
 ParOldGen       total 80384K, used 80261K [0x0000000080000000, 0x0000000084e80000, 0x00000000d5580000)
  object space 80384K, 99% used [0x0000000080000000,0x0000000084e61500,0x0000000084e80000)
 Metaspace       used 67099K, committed 68608K, reserved 1114112K
  class space    used 7030K, committed 7680K, reserved 1048576K
}
Event: 4046.850 GC heap after
{Heap after GC invocations=85 (full 3):
 PSYoungGen      total 15360K, used 1216K [0x00000000d5580000, 0x00000000d6700000, 0x0000000100000000)
  eden space 13824K, 0% used [0x00000000d5580000,0x00000000d5580000,0x00000000d6300000)
  from space 1536K, 79% used [0x00000000d6580000,0x00000000d66b0010,0x00000000d6700000)
  to   space 1536K, 0% used [0x00000000d6400000,0x00000000d6400000,0x00000000d6580000)
 ParOldGen       total 81408K, used 81173K [0x0000000080000000, 0x0000000084f80000, 0x00000000d5580000)
  object space 81408K, 99% used [0x0000000080000000,0x0000000084f45500,0x0000000084f80000)
 Metaspace       used 67099K, committed 68608K, reserved 1114112K
  class space    used 7030K, committed 7680K, reserved 1048576K
}
Event: 4046.870 GC heap before
{Heap before GC invocations=86 (full 3):
 PSYoungGen      total 15360K, used 15040K [0x00000000d5580000, 0x00000000d6700000, 0x0000000100000000)
  eden space 13824K, 100% used [0x00000000d5580000,0x00000000d6300000,0x00000000d6300000)
  from space 1536K, 79% used [0x00000000d6580000,0x00000000d66b0010,0x00000000d6700000)
  to   space 1536K, 0% used [0x00000000d6400000,0x00000000d6400000,0x00000000d6580000)
 ParOldGen       total 81408K, used 81173K [0x0000000080000000, 0x0000000084f80000, 0x00000000d5580000)
  object space 81408K, 99% used [0x0000000080000000,0x0000000084f45500,0x0000000084f80000)
 Metaspace       used 67110K, committed 68608K, reserved 1114112K
  class space    used 7030K, committed 7680K, reserved 1048576K
}
Event: 4046.873 GC heap after
{Heap after GC invocations=86 (full 3):
 PSYoungGen      total 15360K, used 1056K [0x00000000d5580000, 0x00000000d6600000, 0x0000000100000000)
  eden space 13824K, 0% used [0x00000000d5580000,0x00000000d5580000,0x00000000d6300000)
  from space 1536K, 68% used [0x00000000d6400000,0x00000000d6508000,0x00000000d6580000)
  to   space 512K, 0% used [0x00000000d6580000,0x00000000d6580000,0x00000000d6600000)
 ParOldGen       total 82432K, used 82341K [0x0000000080000000, 0x0000000085080000, 0x00000000d5580000)
  object space 82432K, 99% used [0x0000000080000000,0x0000000085069510,0x0000000085080000)
 Metaspace       used 67110K, committed 68608K, reserved 1114112K
  class space    used 7030K, committed 7680K, reserved 1048576K
}
Event: 4046.894 GC heap before
{Heap before GC invocations=87 (full 3):
 PSYoungGen      total 15360K, used 14880K [0x00000000d5580000, 0x00000000d6600000, 0x0000000100000000)
  eden space 13824K, 100% used [0x00000000d5580000,0x00000000d6300000,0x00000000d6300000)
  from space 1536K, 68% used [0x00000000d6400000,0x00000000d6508000,0x00000000d6580000)
  to   space 512K, 0% used [0x00000000d6580000,0x00000000d6580000,0x00000000d6600000)
 ParOldGen       total 82432K, used 82341K [0x0000000080000000, 0x0000000085080000, 0x00000000d5580000)
  object space 82432K, 99% used [0x0000000080000000,0x0000000085069510,0x0000000085080000)
 Metaspace       used 67112K, committed 68608K, reserved 1114112K
  class space    used 7030K, committed 7680K, reserved 1048576K
}
Event: 4046.896 GC heap after
{Heap after GC invocations=87 (full 3):
 PSYoungGen      total 14336K, used 512K [0x00000000d5580000, 0x00000000d6700000, 0x0000000100000000)
  eden space 13824K, 0% used [0x00000000d5580000,0x00000000d5580000,0x00000000d6300000)
  from space 512K, 100% used [0x00000000d6580000,0x00000000d6600000,0x00000000d6600000)
  to   space 2048K, 0% used [0x00000000d6300000,0x00000000d6300000,0x00000000d6500000)
 ParOldGen       total 83968K, used 83701K [0x0000000080000000, 0x0000000085200000, 0x00000000d5580000)
  object space 83968K, 99% used [0x0000000080000000,0x00000000851bd510,0x0000000085200000)
 Metaspace       used 67112K, committed 68608K, reserved 1114112K
  class space    used 7030K, committed 7680K, reserved 1048576K
}
Event: 4046.978 GC heap before
{Heap before GC invocations=88 (full 3):
 PSYoungGen      total 14336K, used 14336K [0x00000000d5580000, 0x00000000d6700000, 0x0000000100000000)
  eden space 13824K, 100% used [0x00000000d5580000,0x00000000d6300000,0x00000000d6300000)
  from space 512K, 100% used [0x00000000d6580000,0x00000000d6600000,0x00000000d6600000)
  to   space 2048K, 0% used [0x00000000d6300000,0x00000000d6300000,0x00000000d6500000)
 ParOldGen       total 83968K, used 83701K [0x0000000080000000, 0x0000000085200000, 0x00000000d5580000)
  object space 83968K, 99% used [0x0000000080000000,0x00000000851bd510,0x0000000085200000)
 Metaspace       used 67187K, committed 68672K, reserved 1114112K
  class space    used 7036K, committed 7680K, reserved 1048576K
}
Event: 4046.982 GC heap after
{Heap after GC invocations=88 (full 3):
 PSYoungGen      total 15872K, used 2046K [0x00000000d5580000, 0x00000000d6b00000, 0x0000000100000000)
  eden space 13824K, 0% used [0x00000000d5580000,0x00000000d5580000,0x00000000d6300000)
  from space 2048K, 99% used [0x00000000d6300000,0x00000000d64ffa90,0x00000000d6500000)
  to   space 4096K, 0% used [0x00000000d6700000,0x00000000d6700000,0x00000000d6b00000)
 ParOldGen       total 85504K, used 85253K [0x0000000080000000, 0x0000000085380000, 0x00000000d5580000)
  object space 85504K, 99% used [0x0000000080000000,0x0000000085341510,0x0000000085380000)
 Metaspace       used 67187K, committed 68672K, reserved 1114112K
  class space    used 7036K, committed 7680K, reserved 1048576K
}

